<?xml version="1.0" encoding="UTF-8"?>
<!-- Generated by org.testng.reporters.JUnitReportReporter -->
<testsuite hostname="DESKTOP-4C4QSH0" failures="0" tests="2" name="test.com.GradeTest" time="0.006" errors="0" timestamp="2 Sep 2023 05:43:31 GMT">
  <testcase classname="test.com.GradeTest" name="testGradeFail" time="0.002"/>
  <testcase classname="test.com.GradeTest" name="testGrade" time="0.004"/>
</testsuite> <!-- test.com.GradeTest -->
